<?xml version="1.0" encoding="UTF-8" ?>
<testsuites errors="1"
            failures="1"
            tests="1">

  <testsuite name="tests.smoke"
    errors="1" failures="1" hostname="" id="" package="smoke" skipped="0"
    tests="1" time="5.233" timestamp="">
  
    <testcase name="The user is presented a list of routes" classname="tests.smoke" time="5.233" assertions="1">  <failure message="Expected element &lt;#routes-selector&gt; to be present - element was not found - expected &#34;present&#34; but got: &#34;not present&#34; (5220ms)">    at DescribeInstance.&lt;anonymous&gt; (/Users/bradmarsh/Development/bus-app/tests/smoke.js:7:20)</failure>

    
    <error message="Unable to locate element: #routes-selector using css selector" type="error"><![CDATA[
    NoSuchElementError: Unable to locate element: #routes-selector using css selector
    at throwDecodedError (/Users/bradmarsh/Development/bus-app/node_modules/selenium-webdriver/lib/error.js:522:15)
    at SafariDriverTransport.handleErrorResponse (/Users/bradmarsh/Development/bus-app/node_modules/nightwatch/lib/transport/selenium-webdriver/index.js:329:7)
    at TransportActions.makeResult (/Users/bradmarsh/Development/bus-app/node_modules/nightwatch/lib/transport/selenium-webdriver/actions.js:83:20)
    at Object.locateMultipleElements (/Users/bradmarsh/Development/bus-app/node_modules/nightwatch/lib/transport/selenium-webdriver/actions.js:69:21)
    at processTicksAndRejections (node:internal/process/task_queues:96:5)
    at async LocateElement.findElement (/Users/bradmarsh/Development/bus-app/node_modules/nightwatch/lib/element/locator.js:146:20)
    ]]></error>
    
    </testcase>
  

  
    <system-err>
       â†’ NoSuchElementError

    An element could not be located on the page using the given search parameters.

    Try fixing by :
1. Please inspect the html before the step
2. Verify if an element with the mentioned selector is present in the DOM tree
    </system-err>
  

    

  
  </testsuite>
</testsuites>
